
ROM used: 554 (7%)
          554 (7%) including unused fragments

          1 Average locations per line
          5 Average locations per statement

RAM used: 18 (5%) at main() level
          27 (7%) worst case

Stack used: 4 worst case (out of 8 total available)

Lines Stmts  %   Files
----- ----- ---  -----
  105    30  28  simple.c
  266     0   0  C:\Program Files (x86)\PICC\devices\16F876.h
  291    79  72  disp.c
----- -----
  662   109 Total

Page ROM  %  RAM   Vol Diff  Functions:
---- --- --- ---   --- ----  ----------
0     31   6   1   102  1.3  port_init
0      9   2   1    24  1.2  lcd_write
0     18   3   1    78  1.3  lcd_cmd
0      6   1   1    42  1.1  lcd_dat0
 Inline        4    52  1.6  lcd_dat16
 Inline        0    54  1.2  lcd_cspulse
0     13   2   0    54  1.2  @const88
0     33   6   0             @const90
0     38   7   0             @const92
0     19   3   0             @const94
0    175  32   2  3303  4.6  lcd_init_c
0     66  12   4   391  3.4  fill_screen
0     15   3   0    82  2.8  TIMER0_isr
0     84  15   0   349  3.3  MAIN

Program metrics:
    Functions               11
    Statements              109
    Comments                201
    Volume (V)              6001
    Difficilty (D)          24.9
    Effort to implement (E) 149627
    Time to implement (T)   2 hours, 19 minutes
    Est Delivered Bugs (B)  1
    Cyclomatic Complexity   6
    Maintainability (MI)    118

 Segment     Used  Free
-----------  ----  ----
00000-00003     4  0  
00004-0002E    43  0  
0002F-007FF   507  1494  
00800-00FFF     0  2048  
01000-017FF     0  2048  
01800-01FFF     0  2048  



