
ROM used: 2496 (8%)
          2496 (8%) including unused fragments

          3 Average locations per line
          22 Average locations per statement

RAM used: 23 (1%) at main() level
          42 (2%) worst case

Stack used: 4 worst case (out of 31 total available)

Lines Stmts  %   Files
----- ----- ---  -----
   38     9   8  simple.c
  461     0   0  C:\Program Files (x86)\PICC\devices\18F4550.h
  333   104  92  disp.c
----- -----
  832   113 Total

Page ROM  %  RAM   Vol Diff  Functions:
---- --- --- ---   --- ----  ----------
0     40   1   1             @delay_ms1
0   1358  27   0             @const87
0     52   1   3   299  5.8  lcd_write
0     52   1   2   174  2.3  lcd_wrcmd
0     52   1   2   174  2.3  lcd_wrdata
0     20   0   4    56  1.6  lcd_wrcmd16
0     20   0   4    52  1.6  lcd_wrdat16
0     74   1   4   199  3.8  fill_screen
0    402   8  11  1222  7.6  put_char
0     30   1   5             @MUL1616
0    224   4   0  1079  1.5  lcd_init
0    168   3  15   459  5.2  MAIN

Program metrics:
    Functions               9
    Statements              113
    Comments                193
    Volume (V)              5441
    Difficilty (D)          31.8
    Effort to implement (E) 173172
    Time to implement (T)   2 hours, 40 minutes
    Est Delivered Bugs (B)  1
    Cyclomatic Complexity   8
    Maintainability (MI)    135

 Segment     Used  Free
-----------  ----  ----
00000-00002     4  0  
00004-07FFE  2492  30272  



